app/build/outputs/mapping/release/seeds.txt
com.casha.app.CashaApplication_GeneratedInjector
com.casha.app.data.remote.dto.ProfileDTO$$serializer
com.casha.app.data.remote.dto.BudgetMilestoneDto$$serializer
com.casha.app.data.remote.api.IncomeApiService
com.casha.app.ui.feature.auth.LoginViewModel
com.casha.app.ui.feature.auth.RegisterViewModel
com.casha.app.data.remote.dto.UpdateTransactionDto$Companion
com.casha.app.data.remote.dto.RecommendationSummaryDto$Companion
com.casha.app.data.local.entity.IncomeEntity
com.casha.app.data.remote.dto.CashflowPaginationDto
com.casha.app.data.remote.dto.CashflowTotalDto$$serializer
com.casha.app.data.remote.dto.BudgetCategoryDto$$serializer
com.casha.app.data.remote.dto.UpdateBudgetRequestDto$Companion
com.casha.app.domain.model.NotificationCasha$$serializer
com.casha.app.ui.feature.transaction.coordinator.AddTransactionCoordinatorViewModel
com.casha.app.core.notification.CashaFirebaseMessagingService
com.casha.app.ui.feature.goaltracker.GoalTrackerViewModel
com.casha.app.ui.feature.budget.BudgetViewModel_HiltModules$KeyModule
com.casha.app.domain.model.NotificationCasha$Companion
com.casha.app.ui.feature.transaction.coordinator.AddMessageViewModel_HiltModules$BindsModule
com.casha.app.data.remote.api.BudgetApiService
com.casha.app.data.remote.dto.UpdateBudgetRequestDto$$serializer
com.casha.app.ui.feature.dashboard.DashboardViewModel_HiltModules$KeyModule
com.casha.app.data.remote.dto.ApplyRecommendationsRequest$$serializer
com.casha.app.data.remote.dto.BudgetAIRecommendationDto$$serializer
com.casha.app.data.remote.dto.ChatTransactionDto
com.casha.app.data.remote.dto.IncomeSummaryDto
com.casha.app.data.remote.dto.NearestDeadlineDto$$serializer
com.casha.app.data.remote.dto.GoogleLoginRequestDTO$$serializer
com.casha.app.data.remote.dto.GoalProgressDto$$serializer
com.casha.app.ui.feature.goaltracker.GoalTrackerViewModel_HiltModules$BindsModule
com.casha.app.CashaApplication_HiltComponents$ViewWithFragmentC
com.casha.app.data.remote.dto.UpdateProfileRequestDTO$$serializer
com.casha.app.data.remote.dto.ChatParseDataDto$Companion
com.casha.app.data.remote.dto.GoalProgressDto
com.casha.app.domain.model.UpdateProfileRequest$Companion
com.casha.app.data.remote.api.TransactionApiService
com.casha.app.data.remote.dto.BudgetAIRecommendationDto
com.casha.app.data.remote.dto.LoginRequestDTO$$serializer
com.casha.app.data.remote.api.AuthApiService
com.casha.app.CashaApplication_HiltComponents$ActivityCBuilderModule
com.casha.app.ui.feature.transaction.TransactionViewModel_HiltModules$BindsModule
com.casha.app.CashaApplication_HiltComponents$ServiceCBuilderModule
com.casha.app.MainActivity_GeneratedInjector
com.casha.app.data.remote.dto.RegisterTokenRequestDTO$$serializer
com.casha.app.ui.feature.auth.ForgotPasswordViewModel_HiltModules$BindsModule
com.casha.app.CashaApplication_HiltComponents$ActivityRetainedC
com.casha.app.data.remote.dto.LoginRequestDTO$Companion
com.casha.app.di.AppModule
com.casha.app.data.remote.dto.GoalProgressDto$Companion
com.casha.app.data.remote.dto.RecommendationSummaryDto$$serializer
com.casha.app.data.remote.dto.NearestDeadlineDto
com.casha.app.ui.feature.transaction.coordinator.AddTransactionCoordinatorViewModel_HiltModules$BindsModule
com.casha.app.data.remote.dto.RegisterTokenRequestDTO
com.casha.app.data.remote.dto.CreateCategoryRequest
com.casha.app.data.remote.dto.FinancialRecommendationResponseDto$$serializer
com.casha.app.data.remote.dto.LoginResponseDTO$$serializer
com.casha.app.data.remote.dto.IncomeDto$$serializer
com.casha.app.data.remote.dto.UpdateCategoryRequest$$serializer
com.casha.app.ui.feature.report.ReportViewModel
com.casha.app.ui.feature.budget.BudgetViewModel_HiltModules$BindsModule
com.casha.app.data.remote.dto.RecommendedBudgetPayload$Companion
com.casha.app.ui.feature.loading.AppLoadingViewModel_HiltModules$BindsModule
com.casha.app.data.remote.dto.ChatRequestDto
com.casha.app.data.remote.dto.RecommendedBudgetPayload
com.casha.app.ui.feature.transaction.TransactionViewModel
...
androidx.compose.ui.text.android.StaticLayoutFactory28: void setUseLineSpacingFromFallbacks(android.text.StaticLayout$Builder,boolean)
com.google.firebase.sessions.FirebaseSessionsRegistrar: java.util.List getComponents()
androidx.compose.ui.platform.AndroidComposeView: androidx.compose.ui.platform.AndroidClipboardManager getClipboardManager()
androidx.compose.ui.platform.coreshims.ViewStructureCompat$Api23Impl: android.os.Bundle getExtras(android.view.ViewStructure)
androidx.appcompat.widget.ActionBarContainer: void setTabContainer(androidx.appcompat.widget.ScrollingTabContainerView)
androidx.vectordrawable.graphics.drawable.VectorDrawableCompat$VFullPath: void setFillColor(int)
retrofit2.ParameterHandler$FieldMap: ParameterHandler$FieldMap(java.lang.reflect.Method,int,retrofit2.Converter,boolean)
com.google.android.gms.measurement.AppMeasurement: java.util.List getConditionalUserProperties(java.lang.String,java.lang.String)
androidx.appcompat.widget.AppCompatTextView: void setLastBaselineToBottomHeight(int)
androidx.appcompat.widget.AppCompatTextView: androidx.appcompat.widget.AppCompatTextView$SuperCaller getSuperCaller()
androidx.core.view.WindowInsetsCompat$Impl: void copyRootViewBounds(android.view.View)
androidx.appcompat.widget.SearchView: void setOnCloseListener(androidx.appcompat.widget.SearchView$OnCloseListener)
androidx.compose.ui.platform.coreshims.ContentCaptureSessionCompat$Api29Impl: android.view.autofill.AutofillId newAutofillId(android.view.contentcapture.ContentCaptureSession,android.view.autofill.AutofillId,long)
androidx.compose.ui.platform.actionmodecallback.MenuItemOption: androidx.compose.ui.platform.actionmodecallback.MenuItemOption valueOf(java.lang.String)
androidx.compose.ui.platform.RenderNodeVerificationHelper28: int getSpotShadowColor(android.view.RenderNode)
androidx.core.widget.NestedScrollView: void setOnScrollChangeListener(androidx.core.widget.NestedScrollView$OnScrollChangeListener)
com.google.firebase.FirebaseCommonRegistrar: FirebaseCommonRegistrar()
androidx.appcompat.widget.Toolbar: void setLogo(int)
com.google.android.gms.internal.measurement.zzgg$zzo$zzb: com.google.android.gms.internal.measurement.zzgg$zzo$zzb[] values()
androidx.datastore.preferences.protobuf.Writer$FieldOrder: androidx.datastore.preferences.protobuf.Writer$FieldOrder valueOf(java.lang.String)
okhttp3.RequestBody: okhttp3.RequestBody create(byte[],okhttp3.MediaType)
com.google.android.gms.measurement.internal.AppMeasurementDynamiteService: void getCurrentScreenClass(com.google.android.gms.internal.measurement.zzdq)
androidx.core.view.WindowInsetsCompat$BuilderImpl20: WindowInsetsCompat$BuilderImpl20()
androidx.compose.material3.internal.InputPhase: androidx.compose.material3.internal.InputPhase[] values()
retrofit2.HttpException: HttpException(retrofit2.Response)
androidx.datastore.preferences.protobuf.GeneratedMessageLite$MethodToInvoke: androidx.datastore.preferences.protobuf.GeneratedMessageLite$MethodToInvoke[] values()
retrofit2.BuiltInFactories: BuiltInFactories()
okhttp3.ResponseBody: okio.ByteString byteString()
dagger.hilt.android.internal.managers.SavedStateHandleModule_ProvideSavedStateHandleFactory: dagger.hilt.android.internal.managers.SavedStateHandleModule_ProvideSavedStateHandleFactory create(javax.inject.Provider)
androidx.compose.ui.platform.coreshims.ViewStructureCompat$Api23Impl: void setDimens(android.view.ViewStructure,int,int,int,int,int,int)
retrofit2.RequestFactory$Builder: java.util.Set parsePathParameters(java.lang.String)
androidx.compose.ui.window.PopupLayout: void setParentLayoutCoordinates(androidx.compose.ui.layout.LayoutCoordinates)
androidx.appcompat.widget.ContentFrameLayout: android.util.TypedValue getMinWidthMinor()
androidx.compose.foundation.text.input.internal.undo.TextFieldEditUndoBehavior: androidx.compose.foundation.text.input.internal.undo.TextFieldEditUndoBehavior valueOf(java.lang.String)